10:50:33 INFO  s.controllers.ReservationController - Verification ok elapsed_ms=713
10:50:33 INFO  io.javalin.Javalin - Starting Javalin ...
10:50:33 INFO  org.eclipse.jetty.server.Server - jetty-11.0.15; built: 2023-04-11T18:37:53.775Z; git: 5bc5e562c8d05c5862505aebe5cf83a61bdbcb96; jvm 21.0.8+9-LTS
10:50:33 INFO  o.e.j.s.s.DefaultSessionIdManager - Session workerName=node0
10:50:33 INFO  o.e.j.server.handler.ContextHandler - Started i.j.j.@63192798{/,null,AVAILABLE}
10:50:33 INFO  o.e.jetty.server.AbstractConnector - Started ServerConnector@6ebf0f36{HTTP/1.1, (http/1.1)}{0.0.0.0:7000}
10:50:33 INFO  org.eclipse.jetty.server.Server - Started Server@4d722ac9{STARTING}[11.0.15,sto=0] @1680ms
10:50:33 INFO  io.javalin.Javalin - 
       __                  ___          ______
      / /___ __   ______ _/ (_)___     / ____/
 __  / / __ `/ | / / __ `/ / / __ \   /___ \
/ /_/ / /_/ /| |/ / /_/ / / / / / /  ____/ /
\____/\__,_/ |___/\__,_/_/_/_/ /_/  /_____/

       https://javalin.io/documentation

10:50:33 INFO  io.javalin.Javalin - Your JDK supports Loom. Javalin will prefer Virtual Threads by default. Disable with `ConcurrencyUtil.useLoom = false`.
10:50:34 INFO  io.javalin.Javalin - Static file handler added: StaticFileConfig(hostedPath=/, directory=/public, location=CLASSPATH, precompress=false, aliasCheck=null, headers={Cache-Control=max-age=0}, mimeTypes=io.javalin.http.staticfiles.MimeTypesConfig@58d63b16). File system location: 'file:///C:/Users/pelle/Work/2semsoft/ss_ola_4/target/classes/public/'
10:50:34 INFO  io.javalin.Javalin - Listening on http://localhost:7000/
10:50:34 INFO  io.javalin.Javalin - You are running Javalin 5.5.0 (released May 1, 2023. Your Javalin version is 883 days old. Consider checking for a newer version.).
10:50:34 INFO  io.javalin.Javalin - Javalin started in 486ms \o/
10:50:34 INFO  soft2.App - Application startup
10:50:50 INFO  soft2.App - Request handled method=GET path=/index.html status=200 OK elapsed_ms=5
10:50:50 INFO  soft2.App - Request handled method=GET path=/ status=200 OK elapsed_ms=8
10:50:50 INFO  soft2.App - Request handled method=GET path=/favicon.ico status=404 Not Found elapsed_ms=4
10:50:52 INFO  soft2.App - Request handled method=POST path=/api/auth/login status=200 OK elapsed_ms=28
10:50:52 INFO  soft2.App - Request handled method=POST path=/api/reservations status=201 Created elapsed_ms=125
10:50:53 INFO  soft2.App - Request handled method=GET path=/api/bikes status=200 OK elapsed_ms=4
10:50:54 ERROR s.controllers.ReservationController - Reservation failed bike_id=1 error=IllegalStateException
java.lang.IllegalStateException: Bike not available
	at soft2.persistence.Store.createReservation(Store.java:37)
	at soft2.controllers.ReservationController.lambda$reserveBike$0(ReservationController.java:26)
	at io.javalin.routing.HandlerEntry.handle(HandlerEntry.kt:19)
	at io.javalin.http.servlet.DefaultTasks.HTTP$lambda$8$lambda$6$lambda$5(DefaultTasks.kt:38)
	at io.javalin.http.servlet.JavalinServlet.handleTask(JavalinServlet.kt:88)
	at io.javalin.http.servlet.JavalinServlet.handleSync(JavalinServlet.kt:53)
	at io.javalin.http.servlet.JavalinServlet.service(JavalinServlet.kt:41)
	at jakarta.servlet.http.HttpServlet.service(HttpServlet.java:587)
	at io.javalin.jetty.JavalinJettyServlet.service(JavalinJettyServlet.kt:58)
	at jakarta.servlet.http.HttpServlet.service(HttpServlet.java:587)
	at org.eclipse.jetty.servlet.ServletHolder.handle(ServletHolder.java:764)
	at org.eclipse.jetty.servlet.ServletHandler.doHandle(ServletHandler.java:529)
	at org.eclipse.jetty.server.handler.ScopedHandler.nextHandle(ScopedHandler.java:221)
	at org.eclipse.jetty.server.session.SessionHandler.doHandle(SessionHandler.java:1570)
	at org.eclipse.jetty.server.handler.ScopedHandler.nextHandle(ScopedHandler.java:221)
	at io.javalin.jetty.JettyServer$start$wsAndHttpHandler$1.doHandle(JettyServer.kt:57)
	at org.eclipse.jetty.server.handler.ScopedHandler.nextScope(ScopedHandler.java:176)
	at org.eclipse.jetty.servlet.ServletHandler.doScope(ServletHandler.java:484)
	at org.eclipse.jetty.server.session.SessionHandler.doScope(SessionHandler.java:1543)
	at org.eclipse.jetty.server.handler.ScopedHandler.nextScope(ScopedHandler.java:174)
	at org.eclipse.jetty.server.handler.ContextHandler.doScope(ContextHandler.java:1303)
	at org.eclipse.jetty.server.handler.ScopedHandler.handle(ScopedHandler.java:129)
	at org.eclipse.jetty.server.handler.StatisticsHandler.handle(StatisticsHandler.java:173)
	at org.eclipse.jetty.server.handler.HandlerWrapper.handle(HandlerWrapper.java:122)
	at org.eclipse.jetty.server.Server.handle(Server.java:563)
	at org.eclipse.jetty.server.HttpChannel.lambda$handle$0(HttpChannel.java:505)
	at org.eclipse.jetty.server.HttpChannel.dispatch(HttpChannel.java:762)
	at org.eclipse.jetty.server.HttpChannel.handle(HttpChannel.java:497)
	at org.eclipse.jetty.server.HttpConnection.onFillable(HttpConnection.java:282)
	at org.eclipse.jetty.io.AbstractConnection$ReadCallback.succeeded(AbstractConnection.java:314)
	at org.eclipse.jetty.io.FillInterest.fillable(FillInterest.java:100)
	at org.eclipse.jetty.io.SelectableChannelEndPoint$1.run(SelectableChannelEndPoint.java:53)
	at java.base/java.util.concurrent.Executors$RunnableAdapter.call(Executors.java:572)
	at java.base/java.util.concurrent.FutureTask.run(FutureTask.java:317)
	at java.base/java.lang.VirtualThread.run(VirtualThread.java:329)
10:50:54 INFO  soft2.App - Request handled method=POST path=/api/reservations status=409 Conflict elapsed_ms=2
10:50:55 INFO  soft2.App - Request handled method=POST path=/api/rentals/start status=201 Created elapsed_ms=1
10:50:55 INFO  soft2.App - Request handled method=POST path=/api/rentals/end status=200 OK elapsed_ms=0
10:50:56 INFO  soft2.App - Request handled method=POST path=/api/admin/add-bike status=201 Created elapsed_ms=2
10:50:56 INFO  soft2.App - Request handled method=POST path=/api/admin/remove-bike/2 status=200 OK elapsed_ms=1
10:50:56 ERROR soft2.controllers.AdminController - Admin remove bike failed bike_id=2 error=IllegalStateException
java.lang.IllegalStateException: Cannot remove: not available or missing
	at soft2.persistence.Store.removeBike(Store.java:93)
	at soft2.controllers.AdminController.lambda$removeBike$1(AdminController.java:54)
	at io.javalin.routing.HandlerEntry.handle(HandlerEntry.kt:19)
	at io.javalin.http.servlet.DefaultTasks.HTTP$lambda$8$lambda$6$lambda$5(DefaultTasks.kt:38)
	at io.javalin.http.servlet.JavalinServlet.handleTask(JavalinServlet.kt:88)
	at io.javalin.http.servlet.JavalinServlet.handleSync(JavalinServlet.kt:53)
	at io.javalin.http.servlet.JavalinServlet.service(JavalinServlet.kt:41)
	at jakarta.servlet.http.HttpServlet.service(HttpServlet.java:587)
	at io.javalin.jetty.JavalinJettyServlet.service(JavalinJettyServlet.kt:58)
	at jakarta.servlet.http.HttpServlet.service(HttpServlet.java:587)
	at org.eclipse.jetty.servlet.ServletHolder.handle(ServletHolder.java:764)
	at org.eclipse.jetty.servlet.ServletHandler.doHandle(ServletHandler.java:529)
	at org.eclipse.jetty.server.handler.ScopedHandler.nextHandle(ScopedHandler.java:221)
	at org.eclipse.jetty.server.session.SessionHandler.doHandle(SessionHandler.java:1570)
	at org.eclipse.jetty.server.handler.ScopedHandler.nextHandle(ScopedHandler.java:221)
	at io.javalin.jetty.JettyServer$start$wsAndHttpHandler$1.doHandle(JettyServer.kt:57)
	at org.eclipse.jetty.server.handler.ScopedHandler.nextScope(ScopedHandler.java:176)
	at org.eclipse.jetty.servlet.ServletHandler.doScope(ServletHandler.java:484)
	at org.eclipse.jetty.server.session.SessionHandler.doScope(SessionHandler.java:1543)
	at org.eclipse.jetty.server.handler.ScopedHandler.nextScope(ScopedHandler.java:174)
	at org.eclipse.jetty.server.handler.ContextHandler.doScope(ContextHandler.java:1303)
	at org.eclipse.jetty.server.handler.ScopedHandler.handle(ScopedHandler.java:129)
	at org.eclipse.jetty.server.handler.StatisticsHandler.handle(StatisticsHandler.java:173)
	at org.eclipse.jetty.server.handler.HandlerWrapper.handle(HandlerWrapper.java:122)
	at org.eclipse.jetty.server.Server.handle(Server.java:563)
	at org.eclipse.jetty.server.HttpChannel.lambda$handle$0(HttpChannel.java:505)
	at org.eclipse.jetty.server.HttpChannel.dispatch(HttpChannel.java:762)
	at org.eclipse.jetty.server.HttpChannel.handle(HttpChannel.java:497)
	at org.eclipse.jetty.server.HttpConnection.onFillable(HttpConnection.java:282)
	at org.eclipse.jetty.io.AbstractConnection$ReadCallback.succeeded(AbstractConnection.java:314)
	at org.eclipse.jetty.io.FillInterest.fillable(FillInterest.java:100)
	at org.eclipse.jetty.io.SelectableChannelEndPoint$1.run(SelectableChannelEndPoint.java:53)
	at java.base/java.util.concurrent.Executors$RunnableAdapter.call(Executors.java:572)
	at java.base/java.util.concurrent.FutureTask.run(FutureTask.java:317)
	at java.base/java.lang.VirtualThread.run(VirtualThread.java:329)
10:50:56 INFO  soft2.App - Request handled method=POST path=/api/admin/remove-bike/2 status=409 Conflict elapsed_ms=0
10:51:51 INFO  soft2.App - Request handled method=POST path=/api/reservations status=201 Created elapsed_ms=0
10:52:00 ERROR s.controllers.ReservationController - Reservation failed bike_id=2 error=IllegalStateException
java.lang.IllegalStateException: Bike not available
	at soft2.persistence.Store.createReservation(Store.java:37)
	at soft2.controllers.ReservationController.lambda$reserveBike$0(ReservationController.java:26)
	at io.javalin.routing.HandlerEntry.handle(HandlerEntry.kt:19)
	at io.javalin.http.servlet.DefaultTasks.HTTP$lambda$8$lambda$6$lambda$5(DefaultTasks.kt:38)
	at io.javalin.http.servlet.JavalinServlet.handleTask(JavalinServlet.kt:88)
	at io.javalin.http.servlet.JavalinServlet.handleSync(JavalinServlet.kt:53)
	at io.javalin.http.servlet.JavalinServlet.service(JavalinServlet.kt:41)
	at jakarta.servlet.http.HttpServlet.service(HttpServlet.java:587)
	at io.javalin.jetty.JavalinJettyServlet.service(JavalinJettyServlet.kt:58)
	at jakarta.servlet.http.HttpServlet.service(HttpServlet.java:587)
	at org.eclipse.jetty.servlet.ServletHolder.handle(ServletHolder.java:764)
	at org.eclipse.jetty.servlet.ServletHandler.doHandle(ServletHandler.java:529)
	at org.eclipse.jetty.server.handler.ScopedHandler.nextHandle(ScopedHandler.java:221)
	at org.eclipse.jetty.server.session.SessionHandler.doHandle(SessionHandler.java:1570)
	at org.eclipse.jetty.server.handler.ScopedHandler.nextHandle(ScopedHandler.java:221)
	at io.javalin.jetty.JettyServer$start$wsAndHttpHandler$1.doHandle(JettyServer.kt:57)
	at org.eclipse.jetty.server.handler.ScopedHandler.nextScope(ScopedHandler.java:176)
	at org.eclipse.jetty.servlet.ServletHandler.doScope(ServletHandler.java:484)
	at org.eclipse.jetty.server.session.SessionHandler.doScope(SessionHandler.java:1543)
	at org.eclipse.jetty.server.handler.ScopedHandler.nextScope(ScopedHandler.java:174)
	at org.eclipse.jetty.server.handler.ContextHandler.doScope(ContextHandler.java:1303)
	at org.eclipse.jetty.server.handler.ScopedHandler.handle(ScopedHandler.java:129)
	at org.eclipse.jetty.server.handler.StatisticsHandler.handle(StatisticsHandler.java:173)
	at org.eclipse.jetty.server.handler.HandlerWrapper.handle(HandlerWrapper.java:122)
	at org.eclipse.jetty.server.Server.handle(Server.java:563)
	at org.eclipse.jetty.server.HttpChannel.lambda$handle$0(HttpChannel.java:505)
	at org.eclipse.jetty.server.HttpChannel.dispatch(HttpChannel.java:762)
	at org.eclipse.jetty.server.HttpChannel.handle(HttpChannel.java:497)
	at org.eclipse.jetty.server.HttpConnection.onFillable(HttpConnection.java:282)
	at org.eclipse.jetty.io.AbstractConnection$ReadCallback.succeeded(AbstractConnection.java:314)
	at org.eclipse.jetty.io.FillInterest.fillable(FillInterest.java:100)
	at org.eclipse.jetty.io.SelectableChannelEndPoint$1.run(SelectableChannelEndPoint.java:53)
	at java.base/java.util.concurrent.Executors$RunnableAdapter.call(Executors.java:572)
	at java.base/java.util.concurrent.FutureTask.run(FutureTask.java:317)
	at java.base/java.lang.VirtualThread.run(VirtualThread.java:329)
10:52:00 INFO  soft2.App - Request handled method=POST path=/api/reservations status=409 Conflict elapsed_ms=0
10:52:08 INFO  soft2.App - Request handled method=POST path=/api/reservations status=201 Created elapsed_ms=0
10:53:35 INFO  io.javalin.Javalin - Starting Javalin ...
10:53:35 INFO  org.eclipse.jetty.server.Server - jetty-11.0.15; built: 2023-04-11T18:37:53.775Z; git: 5bc5e562c8d05c5862505aebe5cf83a61bdbcb96; jvm 21.0.8+9-LTS
10:53:35 INFO  o.e.j.s.s.DefaultSessionIdManager - Session workerName=node0
10:53:35 INFO  o.e.j.server.handler.ContextHandler - Started i.j.j.@376a312c{/,null,AVAILABLE}
10:53:35 INFO  o.e.jetty.server.AbstractConnector - Started ServerConnector@fade1fc{HTTP/1.1, (http/1.1)}{0.0.0.0:7000}
10:53:35 INFO  org.eclipse.jetty.server.Server - Started Server@6b53bcc2{STARTING}[11.0.15,sto=0] @714ms
10:53:35 INFO  io.javalin.Javalin - 
       __                  ___          ______
      / /___ __   ______ _/ (_)___     / ____/
 __  / / __ `/ | / / __ `/ / / __ \   /___ \
/ /_/ / /_/ /| |/ / /_/ / / / / / /  ____/ /
\____/\__,_/ |___/\__,_/_/_/_/ /_/  /_____/

       https://javalin.io/documentation

10:53:35 INFO  io.javalin.Javalin - Your JDK supports Loom. Javalin will prefer Virtual Threads by default. Disable with `ConcurrencyUtil.useLoom = false`.
10:53:35 INFO  io.javalin.Javalin - Static file handler added: StaticFileConfig(hostedPath=/, directory=/public, location=CLASSPATH, precompress=false, aliasCheck=null, headers={Cache-Control=max-age=0}, mimeTypes=io.javalin.http.staticfiles.MimeTypesConfig@46866946). File system location: 'file:///C:/Users/pelle/Work/2semsoft/ss_ola_4/target/classes/public/'
10:53:35 INFO  io.javalin.Javalin - Listening on http://localhost:7000/
10:53:35 INFO  io.javalin.Javalin - You are running Javalin 5.5.0 (released May 1, 2023. Your Javalin version is 883 days old. Consider checking for a newer version.).
10:53:35 INFO  io.javalin.Javalin - Javalin started in 390ms \o/
10:53:35 INFO  soft2.App - Application startup
10:53:44 WARN  s.controllers.ReservationController - Verification slow elapsed_ms=1148 using_fallback=true
10:53:45 INFO  soft2.App - Request handled method=POST path=/api/reservations status=201 Created elapsed_ms=1319
11:04:03 INFO  io.javalin.Javalin - Starting Javalin ...
11:04:03 INFO  org.eclipse.jetty.server.Server - jetty-11.0.15; built: 2023-04-11T18:37:53.775Z; git: 5bc5e562c8d05c5862505aebe5cf83a61bdbcb96; jvm 21.0.8+9-LTS
11:04:03 INFO  o.e.j.s.s.DefaultSessionIdManager - Session workerName=node0
11:04:03 INFO  o.e.j.server.handler.ContextHandler - Started i.j.j.@50eca7c6{/,null,AVAILABLE}
11:04:03 INFO  o.e.jetty.server.AbstractConnector - Started ServerConnector@59f63e24{HTTP/1.1, (http/1.1)}{0.0.0.0:7000}
11:04:03 INFO  org.eclipse.jetty.server.Server - Started Server@26bab2f1{STARTING}[11.0.15,sto=0] @758ms
11:04:03 INFO  io.javalin.Javalin - 
       __                  ___          ______
      / /___ __   ______ _/ (_)___     / ____/
 __  / / __ `/ | / / __ `/ / / __ \   /___ \
/ /_/ / /_/ /| |/ / /_/ / / / / / /  ____/ /
\____/\__,_/ |___/\__,_/_/_/_/ /_/  /_____/

       https://javalin.io/documentation

11:04:03 INFO  io.javalin.Javalin - Your JDK supports Loom. Javalin will prefer Virtual Threads by default. Disable with `ConcurrencyUtil.useLoom = false`.
11:04:03 INFO  io.javalin.Javalin - Static file handler added: StaticFileConfig(hostedPath=/, directory=/public, location=CLASSPATH, precompress=false, aliasCheck=null, headers={Cache-Control=max-age=0}, mimeTypes=io.javalin.http.staticfiles.MimeTypesConfig@7c4fc2bf). File system location: 'file:///C:/Users/pelle/Work/2semsoft/ss_ola_4/target/classes/public/'
11:04:03 INFO  io.javalin.Javalin - Listening on http://localhost:7000/
11:04:03 INFO  io.javalin.Javalin - You are running Javalin 5.5.0 (released May 1, 2023. Your Javalin version is 883 days old. Consider checking for a newer version.).
11:04:03 INFO  io.javalin.Javalin - Javalin started in 373ms \o/
11:04:03 INFO  soft2.App - Application startup
11:04:14 INFO  soft2.App - Request handled method=GET path=/index.html status=304 Not Modified elapsed_ms=5
11:04:14 INFO  soft2.App - Request handled method=GET path=/ status=304 Not Modified elapsed_ms=9
11:04:21 INFO  soft2.App - Request handled method=POST path=/api/auth/login status=200 OK elapsed_ms=36
11:04:26 INFO  soft2.App - Request handled method=GET path=/api/bikes status=200 OK elapsed_ms=118
11:04:29 INFO  soft2.App - Request handled method=GET path=/api/bikes status=200 OK elapsed_ms=0
11:04:29 WARN  s.controllers.ReservationController - Verification slow elapsed_ms=814 using_fallback=true
11:04:29 INFO  soft2.App - Request handled method=POST path=/api/reservations status=201 Created elapsed_ms=833
11:04:31 INFO  soft2.App - Request handled method=GET path=/api/bikes status=200 OK elapsed_ms=0
11:06:23 INFO  s.controllers.ReservationController - Verification ok elapsed_ms=233
11:06:23 ERROR s.controllers.ReservationController - Reservation failed bike_id=1 error=IllegalStateException
java.lang.IllegalStateException: Bike not available
	at soft2.persistence.Store.createReservation(Store.java:37)
	at soft2.controllers.ReservationController.lambda$reserveBike$0(ReservationController.java:28)
	at io.javalin.routing.HandlerEntry.handle(HandlerEntry.kt:19)
	at io.javalin.http.servlet.DefaultTasks.HTTP$lambda$8$lambda$6$lambda$5(DefaultTasks.kt:38)
	at io.javalin.http.servlet.JavalinServlet.handleTask(JavalinServlet.kt:88)
	at io.javalin.http.servlet.JavalinServlet.handleSync(JavalinServlet.kt:53)
	at io.javalin.http.servlet.JavalinServlet.service(JavalinServlet.kt:41)
	at jakarta.servlet.http.HttpServlet.service(HttpServlet.java:587)
	at io.javalin.jetty.JavalinJettyServlet.service(JavalinJettyServlet.kt:58)
	at jakarta.servlet.http.HttpServlet.service(HttpServlet.java:587)
	at org.eclipse.jetty.servlet.ServletHolder.handle(ServletHolder.java:764)
	at org.eclipse.jetty.servlet.ServletHandler.doHandle(ServletHandler.java:529)
	at org.eclipse.jetty.server.handler.ScopedHandler.nextHandle(ScopedHandler.java:221)
	at org.eclipse.jetty.server.session.SessionHandler.doHandle(SessionHandler.java:1570)
	at org.eclipse.jetty.server.handler.ScopedHandler.nextHandle(ScopedHandler.java:221)
	at io.javalin.jetty.JettyServer$start$wsAndHttpHandler$1.doHandle(JettyServer.kt:57)
	at org.eclipse.jetty.server.handler.ScopedHandler.nextScope(ScopedHandler.java:176)
	at org.eclipse.jetty.servlet.ServletHandler.doScope(ServletHandler.java:484)
	at org.eclipse.jetty.server.session.SessionHandler.doScope(SessionHandler.java:1543)
	at org.eclipse.jetty.server.handler.ScopedHandler.nextScope(ScopedHandler.java:174)
	at org.eclipse.jetty.server.handler.ContextHandler.doScope(ContextHandler.java:1303)
	at org.eclipse.jetty.server.handler.ScopedHandler.handle(ScopedHandler.java:129)
	at org.eclipse.jetty.server.handler.StatisticsHandler.handle(StatisticsHandler.java:173)
	at org.eclipse.jetty.server.handler.HandlerWrapper.handle(HandlerWrapper.java:122)
	at org.eclipse.jetty.server.Server.handle(Server.java:563)
	at org.eclipse.jetty.server.HttpChannel.lambda$handle$0(HttpChannel.java:505)
	at org.eclipse.jetty.server.HttpChannel.dispatch(HttpChannel.java:762)
	at org.eclipse.jetty.server.HttpChannel.handle(HttpChannel.java:497)
	at org.eclipse.jetty.server.HttpConnection.onFillable(HttpConnection.java:282)
	at org.eclipse.jetty.io.AbstractConnection$ReadCallback.succeeded(AbstractConnection.java:314)
	at org.eclipse.jetty.io.FillInterest.fillable(FillInterest.java:100)
	at org.eclipse.jetty.io.SelectableChannelEndPoint$1.run(SelectableChannelEndPoint.java:53)
	at java.base/java.util.concurrent.Executors$RunnableAdapter.call(Executors.java:572)
	at java.base/java.util.concurrent.FutureTask.run(FutureTask.java:317)
	at java.base/java.lang.VirtualThread.run(VirtualThread.java:329)
11:06:23 INFO  soft2.App - Request handled method=POST path=/api/reservations status=409 Conflict elapsed_ms=238
11:06:28 WARN  s.controllers.ReservationController - Verification slow elapsed_ms=946 using_fallback=true
11:06:28 ERROR s.controllers.ReservationController - Reservation failed bike_id=4 error=IllegalStateException
java.lang.IllegalStateException: Bike not available
	at soft2.persistence.Store.createReservation(Store.java:37)
	at soft2.controllers.ReservationController.lambda$reserveBike$0(ReservationController.java:28)
	at io.javalin.routing.HandlerEntry.handle(HandlerEntry.kt:19)
	at io.javalin.http.servlet.DefaultTasks.HTTP$lambda$8$lambda$6$lambda$5(DefaultTasks.kt:38)
	at io.javalin.http.servlet.JavalinServlet.handleTask(JavalinServlet.kt:88)
	at io.javalin.http.servlet.JavalinServlet.handleSync(JavalinServlet.kt:53)
	at io.javalin.http.servlet.JavalinServlet.service(JavalinServlet.kt:41)
	at jakarta.servlet.http.HttpServlet.service(HttpServlet.java:587)
	at io.javalin.jetty.JavalinJettyServlet.service(JavalinJettyServlet.kt:58)
	at jakarta.servlet.http.HttpServlet.service(HttpServlet.java:587)
	at org.eclipse.jetty.servlet.ServletHolder.handle(ServletHolder.java:764)
	at org.eclipse.jetty.servlet.ServletHandler.doHandle(ServletHandler.java:529)
	at org.eclipse.jetty.server.handler.ScopedHandler.nextHandle(ScopedHandler.java:221)
	at org.eclipse.jetty.server.session.SessionHandler.doHandle(SessionHandler.java:1570)
	at org.eclipse.jetty.server.handler.ScopedHandler.nextHandle(ScopedHandler.java:221)
	at io.javalin.jetty.JettyServer$start$wsAndHttpHandler$1.doHandle(JettyServer.kt:57)
	at org.eclipse.jetty.server.handler.ScopedHandler.nextScope(ScopedHandler.java:176)
	at org.eclipse.jetty.servlet.ServletHandler.doScope(ServletHandler.java:484)
	at org.eclipse.jetty.server.session.SessionHandler.doScope(SessionHandler.java:1543)
	at org.eclipse.jetty.server.handler.ScopedHandler.nextScope(ScopedHandler.java:174)
	at org.eclipse.jetty.server.handler.ContextHandler.doScope(ContextHandler.java:1303)
	at org.eclipse.jetty.server.handler.ScopedHandler.handle(ScopedHandler.java:129)
	at org.eclipse.jetty.server.handler.StatisticsHandler.handle(StatisticsHandler.java:173)
	at org.eclipse.jetty.server.handler.HandlerWrapper.handle(HandlerWrapper.java:122)
	at org.eclipse.jetty.server.Server.handle(Server.java:563)
	at org.eclipse.jetty.server.HttpChannel.lambda$handle$0(HttpChannel.java:505)
	at org.eclipse.jetty.server.HttpChannel.dispatch(HttpChannel.java:762)
	at org.eclipse.jetty.server.HttpChannel.handle(HttpChannel.java:497)
	at org.eclipse.jetty.server.HttpConnection.onFillable(HttpConnection.java:282)
	at org.eclipse.jetty.io.AbstractConnection$ReadCallback.succeeded(AbstractConnection.java:314)
	at org.eclipse.jetty.io.FillInterest.fillable(FillInterest.java:100)
	at org.eclipse.jetty.io.SelectableChannelEndPoint$1.run(SelectableChannelEndPoint.java:53)
	at java.base/java.util.concurrent.Executors$RunnableAdapter.call(Executors.java:572)
	at java.base/java.util.concurrent.FutureTask.run(FutureTask.java:317)
	at java.base/java.lang.VirtualThread.run(VirtualThread.java:329)
11:06:28 INFO  soft2.App - Request handled method=POST path=/api/reservations status=409 Conflict elapsed_ms=954
22:31:21 INFO  io.javalin.Javalin - Starting Javalin ...
22:31:21 INFO  org.eclipse.jetty.server.Server - jetty-11.0.15; built: 2023-04-11T18:37:53.775Z; git: 5bc5e562c8d05c5862505aebe5cf83a61bdbcb96; jvm 21.0.8+9-LTS
22:31:21 INFO  o.e.j.s.s.DefaultSessionIdManager - Session workerName=node0
22:31:21 INFO  o.e.j.server.handler.ContextHandler - Started i.j.j.@376a312c{/,null,AVAILABLE}
22:31:21 INFO  o.e.jetty.server.AbstractConnector - Started ServerConnector@fade1fc{HTTP/1.1, (http/1.1)}{0.0.0.0:7000}
22:31:21 INFO  org.eclipse.jetty.server.Server - Started Server@6b53bcc2{STARTING}[11.0.15,sto=0] @921ms
22:31:21 INFO  io.javalin.Javalin - 
       __                  ___          ______
      / /___ __   ______ _/ (_)___     / ____/
 __  / / __ `/ | / / __ `/ / / __ \   /___ \
/ /_/ / /_/ /| |/ / /_/ / / / / / /  ____/ /
\____/\__,_/ |___/\__,_/_/_/_/ /_/  /_____/

       https://javalin.io/documentation

22:31:21 INFO  io.javalin.Javalin - Your JDK supports Loom. Javalin will prefer Virtual Threads by default. Disable with `ConcurrencyUtil.useLoom = false`.
22:31:21 INFO  io.javalin.Javalin - Static file handler added: StaticFileConfig(hostedPath=/, directory=/public, location=CLASSPATH, precompress=false, aliasCheck=null, headers={Cache-Control=max-age=0}, mimeTypes=io.javalin.http.staticfiles.MimeTypesConfig@46866946). File system location: 'file:///C:/Users/pelle/Work/2semsoft/ss_ola_4/target/classes/public/'
22:31:21 INFO  io.javalin.Javalin - Listening on http://localhost:7000/
22:31:21 INFO  io.javalin.Javalin - You are running Javalin 5.5.0 (released May 1, 2023. Your Javalin version is 884 days old. Consider checking for a newer version.).
22:31:21 INFO  io.javalin.Javalin - Javalin started in 485ms \o/
22:31:21 INFO  soft2.App - Application startup
22:31:23 INFO  soft2.App - Request handled method=GET path=/index.html status=200 OK elapsed_ms=4
22:31:23 INFO  soft2.App - Request handled method=GET path=/ status=200 OK elapsed_ms=7
22:31:23 INFO  soft2.App - Request handled method=GET path=/favicon.ico status=404 Not Found elapsed_ms=2
22:31:30 INFO  soft2.App - Request handled method=POST path=/api/auth/login status=200 OK elapsed_ms=32
22:31:33 INFO  soft2.App - Request handled method=POST path=/api/auth/login status=401 Unauthorized elapsed_ms=0
22:31:39 INFO  soft2.App - Request handled method=GET path=/api/bikes status=200 OK elapsed_ms=121
22:31:53 INFO  s.controllers.ReservationController - Verification ok elapsed_ms=509
22:31:53 INFO  soft2.App - Request handled method=POST path=/api/reservations status=201 Created elapsed_ms=530
22:32:00 INFO  s.controllers.ReservationController - Verification ok elapsed_ms=691
22:32:00 ERROR s.controllers.ReservationController - Reservation failed bike_id=1 error=IllegalStateException
java.lang.IllegalStateException: Bike not available
	at soft2.persistence.Store.createReservation(Store.java:37)
	at soft2.controllers.ReservationController.lambda$reserveBike$0(ReservationController.java:28)
	at io.javalin.routing.HandlerEntry.handle(HandlerEntry.kt:19)
	at io.javalin.http.servlet.DefaultTasks.HTTP$lambda$8$lambda$6$lambda$5(DefaultTasks.kt:38)
	at io.javalin.http.servlet.JavalinServlet.handleTask(JavalinServlet.kt:88)
	at io.javalin.http.servlet.JavalinServlet.handleSync(JavalinServlet.kt:53)
	at io.javalin.http.servlet.JavalinServlet.service(JavalinServlet.kt:41)
	at jakarta.servlet.http.HttpServlet.service(HttpServlet.java:587)
	at io.javalin.jetty.JavalinJettyServlet.service(JavalinJettyServlet.kt:58)
	at jakarta.servlet.http.HttpServlet.service(HttpServlet.java:587)
	at org.eclipse.jetty.servlet.ServletHolder.handle(ServletHolder.java:764)
	at org.eclipse.jetty.servlet.ServletHandler.doHandle(ServletHandler.java:529)
	at org.eclipse.jetty.server.handler.ScopedHandler.nextHandle(ScopedHandler.java:221)
	at org.eclipse.jetty.server.session.SessionHandler.doHandle(SessionHandler.java:1570)
	at org.eclipse.jetty.server.handler.ScopedHandler.nextHandle(ScopedHandler.java:221)
	at io.javalin.jetty.JettyServer$start$wsAndHttpHandler$1.doHandle(JettyServer.kt:57)
	at org.eclipse.jetty.server.handler.ScopedHandler.nextScope(ScopedHandler.java:176)
	at org.eclipse.jetty.servlet.ServletHandler.doScope(ServletHandler.java:484)
	at org.eclipse.jetty.server.session.SessionHandler.doScope(SessionHandler.java:1543)
	at org.eclipse.jetty.server.handler.ScopedHandler.nextScope(ScopedHandler.java:174)
	at org.eclipse.jetty.server.handler.ContextHandler.doScope(ContextHandler.java:1303)
	at org.eclipse.jetty.server.handler.ScopedHandler.handle(ScopedHandler.java:129)
	at org.eclipse.jetty.server.handler.StatisticsHandler.handle(StatisticsHandler.java:173)
	at org.eclipse.jetty.server.handler.HandlerWrapper.handle(HandlerWrapper.java:122)
	at org.eclipse.jetty.server.Server.handle(Server.java:563)
	at org.eclipse.jetty.server.HttpChannel.lambda$handle$0(HttpChannel.java:505)
	at org.eclipse.jetty.server.HttpChannel.dispatch(HttpChannel.java:762)
	at org.eclipse.jetty.server.HttpChannel.handle(HttpChannel.java:497)
	at org.eclipse.jetty.server.HttpConnection.onFillable(HttpConnection.java:282)
	at org.eclipse.jetty.io.AbstractConnection$ReadCallback.succeeded(AbstractConnection.java:314)
	at org.eclipse.jetty.io.FillInterest.fillable(FillInterest.java:100)
	at org.eclipse.jetty.io.SelectableChannelEndPoint$1.run(SelectableChannelEndPoint.java:53)
	at java.base/java.util.concurrent.Executors$RunnableAdapter.call(Executors.java:572)
	at java.base/java.util.concurrent.FutureTask.run(FutureTask.java:317)
	at java.base/java.lang.VirtualThread.run(VirtualThread.java:329)
22:32:00 INFO  soft2.App - Request handled method=POST path=/api/reservations status=409 Conflict elapsed_ms=697
22:32:28 INFO  soft2.App - Request handled method=POST path=/api/rentals/start status=201 Created elapsed_ms=1
22:32:34 INFO  soft2.App - Request handled method=POST path=/api/rentals/end status=200 OK elapsed_ms=1
22:32:44 INFO  soft2.App - Request handled method=POST path=/api/admin/add-bike status=201 Created elapsed_ms=2
22:32:47 INFO  soft2.App - Request handled method=POST path=/api/admin/remove-bike/2 status=200 OK elapsed_ms=0
